<?xml version="1.0" encoding="UTF-8"?>
<!-- Generated by org.testng.reporters.JUnitXMLReporter -->
<testsuite ignored="0" hostname="DESKTOP-2MSDP57" failures="0" tests="4" name="Test" time="157.23" errors="0" timestamp="19 Mar 2024 14:40:02 GMT">
  <testcase classname="testPackage.InvalidLoginTestCase" name="invalidLogin" time="25.617"/>
  <testcase classname="testPackage.ValidLoginTestCase" name="loginTestCase" time="14.212"/>
  <testcase classname="testPackage.CreateUserManager" name="createUserManagerTC" time="24.16"/>
  <testcase classname="testPackage.CreateNewCustomerAndProject" name="createNewCustomerAndProject" time="22.274"/>
</testsuite> <!-- Test -->
