<?xml version="1.0" encoding="UTF-8"?>
<testng-results ignored="0" total="4" passed="4" failed="0" skipped="0">
  <reporter-output>
  </reporter-output>
  <suite started-at="2024-03-19T14:37:25Z" name="Suite" finished-at="2024-03-19T14:40:02Z" duration-ms="157230">
    <groups>
    </groups>
    <test started-at="2024-03-19T14:37:25Z" name="Test" finished-at="2024-03-19T14:40:02Z" duration-ms="157230">
      <class name="testPackage.ValidLoginTestCase">
        <test-method is-config="true" signature="setUp()[pri:0, instance:testPackage.ValidLoginTestCase@d41f816]" started-at="2024-03-19T14:38:22Z" name="setUp" finished-at="2024-03-19T14:38:38Z" duration-ms="15951" status="PASS">
          <reporter-output>
          </reporter-output>
        </test-method> <!-- setUp -->
        <test-method signature="loginTestCase()[pri:0, instance:testPackage.ValidLoginTestCase@d41f816]" started-at="2024-03-19T14:38:38Z" name="loginTestCase" finished-at="2024-03-19T14:38:53Z" duration-ms="14212" status="PASS">
          <reporter-output>
          </reporter-output>
        </test-method> <!-- loginTestCase -->
        <test-method is-config="true" signature="tearDown()[pri:0, instance:testPackage.ValidLoginTestCase@d41f816]" started-at="2024-03-19T14:38:53Z" name="tearDown" finished-at="2024-03-19T14:38:53Z" duration-ms="638" status="PASS">
          <reporter-output>
          </reporter-output>
        </test-method> <!-- tearDown -->
      </class> <!-- testPackage.ValidLoginTestCase -->
      <class name="testPackage.CreateNewCustomerAndProject">
        <test-method is-config="true" signature="setUp()[pri:0, instance:testPackage.CreateNewCustomerAndProject@60129b9a]" started-at="2024-03-19T14:39:29Z" name="setUp" finished-at="2024-03-19T14:39:38Z" duration-ms="9398" status="PASS">
          <reporter-output>
          </reporter-output>
        </test-method> <!-- setUp -->
        <test-method signature="createNewCustomerAndProject()[pri:0, instance:testPackage.CreateNewCustomerAndProject@60129b9a]" started-at="2024-03-19T14:39:38Z" name="createNewCustomerAndProject" finished-at="2024-03-19T14:40:01Z" duration-ms="22274" status="PASS">
          <reporter-output>
          </reporter-output>
        </test-method> <!-- createNewCustomerAndProject -->
        <test-method is-config="true" signature="tearDown()[pri:0, instance:testPackage.CreateNewCustomerAndProject@60129b9a]" started-at="2024-03-19T14:40:01Z" name="tearDown" finished-at="2024-03-19T14:40:02Z" duration-ms="1233" status="PASS">
          <reporter-output>
          </reporter-output>
        </test-method> <!-- tearDown -->
      </class> <!-- testPackage.CreateNewCustomerAndProject -->
      <class name="testPackage.InvalidLoginTestCase">
        <test-method is-config="true" signature="setUp()[pri:0, instance:testPackage.InvalidLoginTestCase@7c8c9a05]" started-at="2024-03-19T14:37:25Z" name="setUp" finished-at="2024-03-19T14:37:56Z" duration-ms="30698" status="PASS">
          <reporter-output>
          </reporter-output>
        </test-method> <!-- setUp -->
        <test-method signature="invalidLogin()[pri:0, instance:testPackage.InvalidLoginTestCase@7c8c9a05]" started-at="2024-03-19T14:37:56Z" name="invalidLogin" finished-at="2024-03-19T14:38:21Z" duration-ms="25617" status="PASS">
          <reporter-output>
          </reporter-output>
        </test-method> <!-- invalidLogin -->
        <test-method is-config="true" signature="tearDown()[pri:0, instance:testPackage.InvalidLoginTestCase@7c8c9a05]" started-at="2024-03-19T14:38:21Z" name="tearDown" finished-at="2024-03-19T14:38:22Z" duration-ms="1252" status="PASS">
          <reporter-output>
          </reporter-output>
        </test-method> <!-- tearDown -->
      </class> <!-- testPackage.InvalidLoginTestCase -->
      <class name="testPackage.CreateUserManager">
        <test-method is-config="true" signature="setUp()[pri:0, instance:testPackage.CreateUserManager@5c2375a9]" started-at="2024-03-19T14:38:53Z" name="setUp" finished-at="2024-03-19T14:39:04Z" duration-ms="11214" status="PASS">
          <reporter-output>
          </reporter-output>
        </test-method> <!-- setUp -->
        <test-method signature="createUserManagerTC()[pri:0, instance:testPackage.CreateUserManager@5c2375a9]" started-at="2024-03-19T14:39:04Z" name="createUserManagerTC" finished-at="2024-03-19T14:39:29Z" duration-ms="24160" status="PASS">
          <reporter-output>
          </reporter-output>
        </test-method> <!-- createUserManagerTC -->
        <test-method is-config="true" signature="tearDown()[pri:0, instance:testPackage.CreateUserManager@5c2375a9]" started-at="2024-03-19T14:39:29Z" name="tearDown" finished-at="2024-03-19T14:39:29Z" duration-ms="521" status="PASS">
          <reporter-output>
          </reporter-output>
        </test-method> <!-- tearDown -->
      </class> <!-- testPackage.CreateUserManager -->
    </test> <!-- Test -->
  </suite> <!-- Suite -->
</testng-results>
